-*- mode: compilation; default-directory: "~/src/Udacity/CarND-Traffic-Sign-Classifier-Project/" -*-
Compilation started at Mon Jun  5 19:42:18

make -k 
../miniconda3/envs/IntroToTensorFlow/bin/python Traffic_Sign_Classifier.py
Number of training examples = 34799
Number of testing examples = 12630
Image data shape = (32, 32, 3)
Number of classes = 43
2017-06-05 19:42:21.402886: W tensorflow/core/platform/cpu_feature_guard.cc:45] The TensorFlow library wasn't compiled to use SSE4.1 instructions, but these are available on your machine and could speed up CPU computations.
2017-06-05 19:42:21.402911: W tensorflow/core/platform/cpu_feature_guard.cc:45] The TensorFlow library wasn't compiled to use SSE4.2 instructions, but these are available on your machine and could speed up CPU computations.
2017-06-05 19:42:21.402929: W tensorflow/core/platform/cpu_feature_guard.cc:45] The TensorFlow library wasn't compiled to use AVX instructions, but these are available on your machine and could speed up CPU computations.
2017-06-05 19:42:21.402934: W tensorflow/core/platform/cpu_feature_guard.cc:45] The TensorFlow library wasn't compiled to use AVX2 instructions, but these are available on your machine and could speed up CPU computations.
2017-06-05 19:42:21.402945: W tensorflow/core/platform/cpu_feature_guard.cc:45] The TensorFlow library wasn't compiled to use FMA instructions, but these are available on your machine and could speed up CPU computations.
Training...

EPOCH 1 ...
Validation Accuracy = 0.641

EPOCH 2 ...
Validation Accuracy = 0.773

EPOCH 3 ...
Validation Accuracy = 0.814

EPOCH 4 ...
Validation Accuracy = 0.818

EPOCH 5 ...
Validation Accuracy = 0.829

EPOCH 6 ...
Validation Accuracy = 0.838

EPOCH 7 ...
Validation Accuracy = 0.832

EPOCH 8 ...
Validation Accuracy = 0.847

EPOCH 9 ...
Validation Accuracy = 0.849

EPOCH 10 ...
Validation Accuracy = 0.854

Model saved
Test Accuracy = 0.846

Compilation finished at Mon Jun  5 19:44:27
