../miniconda3/envs/carnd-term1/bin/python LeNet-Lab.py
GLib-GIO-[1;32mMessage[0m: Using the 'memory' GSettings backend.  Your settings will not be saved or shared with other applications.
Extracting MNIST_data/train-images-idx3-ubyte.gz
Extracting MNIST_data/train-labels-idx1-ubyte.gz
Extracting MNIST_data/t10k-images-idx3-ubyte.gz
Extracting MNIST_data/t10k-labels-idx1-ubyte.gz

Image Shape: (28, 28, 1)

Training Set:   55000 samples
Validation Set: 5000 samples
Test Set:       10000 samples
Updated Image Shape: (32, 32, 1)
2
Training...

EPOCH 1 ...
Validation Accuracy = 0.971

EPOCH 2 ...
Validation Accuracy = 0.981

EPOCH 3 ...
Validation Accuracy = 0.986

EPOCH 4 ...
Validation Accuracy = 0.985

EPOCH 5 ...
Validation Accuracy = 0.987

EPOCH 6 ...
Validation Accuracy = 0.982

EPOCH 7 ...
Validation Accuracy = 0.986

EPOCH 8 ...
Validation Accuracy = 0.986

EPOCH 9 ...
Validation Accuracy = 0.989

EPOCH 10 ...
Validation Accuracy = 0.989

Model saved
Test Accuracy = 0.990
